# JRE version: Java(TM) SE Runtime Environment (8.0_102-b14) (build 1.8.0_102-b14)
# Java VM: Java HotSpot(TM) 64-Bit Server VM (25.102-b14 mixed mode windows-amd64 compressed oops)
Heap:
 PSYoungGen      total 18944K, used 9552K [0x00000000d5580000, 0x00000000d6a80000, 0x0000000100000000)
  eden space 16384K, 42% used [0x00000000d5580000,0x00000000d5c5a490,0x00000000d6580000)
  from space 2560K, 99% used [0x00000000d6580000,0x00000000d67f9da8,0x00000000d6800000)
  to   space 2560K, 0% used [0x00000000d6800000,0x00000000d6800000,0x00000000d6a80000)
 ParOldGen       total 33280K, used 5261K [0x0000000080000000, 0x0000000082080000, 0x00000000d5580000)
  object space 33280K, 15% used [0x0000000080000000,0x0000000080523508,0x0000000082080000)
 Metaspace       used 16987K, capacity 17300K, committed 17536K, reserved 1069056K
  class space    used 2283K, capacity 2388K, committed 2432K, reserved 1048576K
GC Heap History (10 events):
Event: 1.254 GC heap before
{Heap before GC invocations=2 (full 0):
 PSYoungGen      total 18944K, used 18930K [0x00000000d5580000, 0x00000000d6a80000, 0x0000000100000000)
  eden space 16384K, 100% used [0x00000000d5580000,0x00000000d6580000,0x00000000d6580000)
  from space 2560K, 99% used [0x00000000d6580000,0x00000000d67fcaf0,0x00000000d6800000)
  to   space 2560K, 0% used [0x00000000d6800000,0x00000000d6800000,0x00000000d6a80000)
 ParOldGen       total 44032K, used 643K [0x0000000080000000, 0x0000000082b00000, 0x00000000d5580000)
  object space 44032K, 1% used [0x0000000080000000,0x00000000800a0e38,0x0000000082b00000)
 Metaspace       used 6181K, capacity 6428K, committed 6528K, reserved 1056768K
  class space    used 796K, capacity 868K, committed 896K, reserved 1048576K
Event: 1.258 GC heap after
Heap after GC invocations=2 (full 0):
 PSYoungGen      total 18944K, used 2079K [0x00000000d5580000, 0x00000000d6a80000, 0x0000000100000000)
  eden space 16384K, 0% used [0x00000000d5580000,0x00000000d5580000,0x00000000d6580000)
  from space 2560K, 81% used [0x00000000d6800000,0x00000000d6a07e10,0x00000000d6a80000)
  to   space 2560K, 0% used [0x00000000d6580000,0x00000000d6580000,0x00000000d6800000)
 ParOldGen       total 44032K, used 651K [0x0000000080000000, 0x0000000082b00000, 0x00000000d5580000)
  object space 44032K, 1% used [0x0000000080000000,0x00000000800a2e38,0x0000000082b00000)
 Metaspace       used 6181K, capacity 6428K, committed 6528K, reserved 1056768K
  class space    used 796K, capacity 868K, committed 896K, reserved 1048576K
}
Event: 2.280 GC heap before
{Heap before GC invocations=3 (full 0):
 PSYoungGen      total 18944K, used 18463K [0x00000000d5580000, 0x00000000d6a80000, 0x0000000100000000)
  eden space 16384K, 100% used [0x00000000d5580000,0x00000000d6580000,0x00000000d6580000)
  from space 2560K, 81% used [0x00000000d6800000,0x00000000d6a07e10,0x00000000d6a80000)
  to   space 2560K, 0% used [0x00000000d6580000,0x00000000d6580000,0x00000000d6800000)
 ParOldGen       total 44032K, used 651K [0x0000000080000000, 0x0000000082b00000, 0x00000000d5580000)
  object space 44032K, 1% used [0x0000000080000000,0x00000000800a2e38,0x0000000082b00000)
 Metaspace       used 10706K, capacity 11076K, committed 11264K, reserved 1058816K
  class space    used 1387K, capacity 1504K, committed 1536K, reserved 1048576K
Event: 2.288 GC heap after
Heap after GC invocations=3 (full 0):
 PSYoungGen      total 18944K, used 2560K [0x00000000d5580000, 0x00000000d6a80000, 0x0000000100000000)
  eden space 16384K, 0% used [0x00000000d5580000,0x00000000d5580000,0x00000000d6580000)
  from space 2560K, 100% used [0x00000000d6580000,0x00000000d6800000,0x00000000d6800000)
  to   space 2560K, 0% used [0x00000000d6800000,0x00000000d6800000,0x00000000d6a80000)
 ParOldGen       total 44032K, used 2176K [0x0000000080000000, 0x0000000082b00000, 0x00000000d5580000)
  object space 44032K, 4% used [0x0000000080000000,0x00000000802201b0,0x0000000082b00000)
 Metaspace       used 10706K, capacity 11076K, committed 11264K, reserved 1058816K
  class space    used 1387K, capacity 1504K, committed 1536K, reserved 1048576K
}
Event: 2.610 GC heap before
{Heap before GC invocations=4 (full 0):
 PSYoungGen      total 18944K, used 15473K [0x00000000d5580000, 0x00000000d6a80000, 0x0000000100000000)
  eden space 16384K, 78% used [0x00000000d5580000,0x00000000d621c4f8,0x00000000d6580000)
  from space 2560K, 100% used [0x00000000d6580000,0x00000000d6800000,0x00000000d6800000)
  to   space 2560K, 0% used [0x00000000d6800000,0x00000000d6800000,0x00000000d6a80000)
 ParOldGen       total 44032K, used 2176K [0x0000000080000000, 0x0000000082b00000, 0x00000000d5580000)
  object space 44032K, 4% used [0x0000000080000000,0x00000000802201b0,0x0000000082b00000)
 Metaspace       used 11926K, capacity 12212K, committed 12288K, reserved 1064960K
  class space    used 1620K, capacity 1716K, committed 1792K, reserved 1048576K
Event: 2.633 GC heap after
Heap after GC invocations=4 (full 0):
 PSYoungGen      total 18944K, used 2560K [0x00000000d5580000, 0x00000000d6a80000, 0x0000000100000000)
  eden space 16384K, 0% used [0x00000000d5580000,0x00000000d5580000,0x00000000d6580000)
  from space 2560K, 100% used [0x00000000d6800000,0x00000000d6a80000,0x00000000d6a80000)
  to   space 2560K, 0% used [0x00000000d6580000,0x00000000d6580000,0x00000000d6800000)
 ParOldGen       total 44032K, used 3543K [0x0000000080000000, 0x0000000082b00000, 0x00000000d5580000)
  object space 44032K, 8% used [0x0000000080000000,0x0000000080375d98,0x0000000082b00000)
 Metaspace       used 11926K, capacity 12212K, committed 12288K, reserved 1064960K
  class space    used 1620K, capacity 1716K, committed 1792K, reserved 1048576K
}
Event: 2.633 GC heap before
{Heap before GC invocations=5 (full 1):
 PSYoungGen      total 18944K, used 2560K [0x00000000d5580000, 0x00000000d6a80000, 0x0000000100000000)
  eden space 16384K, 0% used [0x00000000d5580000,0x00000000d5580000,0x00000000d6580000)
  from space 2560K, 100% used [0x00000000d6800000,0x00000000d6a80000,0x00000000d6a80000)
  to   space 2560K, 0% used [0x00000000d6580000,0x00000000d6580000,0x00000000d6800000)
 ParOldGen       total 44032K, used 3543K [0x0000000080000000, 0x0000000082b00000, 0x00000000d5580000)
  object space 44032K, 8% used [0x0000000080000000,0x0000000080375d98,0x0000000082b00000)
 Metaspace       used 11926K, capacity 12212K, committed 12288K, reserved 1064960K
  class space    used 1620K, capacity 1716K, committed 1792K, reserved 1048576K
Event: 2.727 GC heap after
Heap after GC invocations=5 (full 1):
 PSYoungGen      total 18944K, used 0K [0x00000000d5580000, 0x00000000d6a80000, 0x0000000100000000)
  eden space 16384K, 0% used [0x00000000d5580000,0x00000000d5580000,0x00000000d6580000)
  from space 2560K, 0% used [0x00000000d6800000,0x00000000d6800000,0x00000000d6a80000)
  to   space 2560K, 0% used [0x00000000d6580000,0x00000000d6580000,0x00000000d6800000)
 ParOldGen       total 33280K, used 4120K [0x0000000080000000, 0x0000000082080000, 0x00000000d5580000)
  object space 33280K, 12% used [0x0000000080000000,0x0000000080406308,0x0000000082080000)
 Metaspace       used 11926K, capacity 12212K, committed 12288K, reserved 1062912K
  class space    used 1620K, capacity 1716K, committed 1792K, reserved 1048576K
}
Event: 3.293 GC heap before
{Heap before GC invocations=6 (full 1):
 PSYoungGen      total 18944K, used 16384K [0x00000000d5580000, 0x00000000d6a80000, 0x0000000100000000)
  eden space 16384K, 100% used [0x00000000d5580000,0x00000000d6580000,0x00000000d6580000)
  from space 2560K, 0% used [0x00000000d6800000,0x00000000d6800000,0x00000000d6a80000)
  to   space 2560K, 0% used [0x00000000d6580000,0x00000000d6580000,0x00000000d6800000)
 ParOldGen       total 33280K, used 4120K [0x0000000080000000, 0x0000000082080000, 0x00000000d5580000)
  object space 33280K, 12% used [0x0000000080000000,0x0000000080406308,0x0000000082080000)
 Metaspace       used 16054K, capacity 16404K, committed 16640K, reserved 1064960K
  class space    used 2142K, capacity 2260K, committed 2304K, reserved 1048576K
Event: 3.303 GC heap after
Heap after GC invocations=6 (full 1):
 PSYoungGen      total 18944K, used 2535K [0x00000000d5580000, 0x00000000d6a80000, 0x0000000100000000)
  eden space 16384K, 0% used [0x00000000d5580000,0x00000000d5580000,0x00000000d6580000)
  from space 2560K, 99% used [0x00000000d6580000,0x00000000d67f9da8,0x00000000d6800000)
  to   space 2560K, 0% used [0x00000000d6800000,0x00000000d6800000,0x00000000d6a80000)
 ParOldGen       total 33280K, used 5261K [0x0000000080000000, 0x0000000082080000, 0x00000000d5580000)
  object space 33280K, 15% used [0x0000000080000000,0x0000000080523508,0x0000000082080000)
 Metaspace       used 16054K, capacity 16404K, committed 16640K, reserved 1064960K
  class space    used 2142K, capacity 2260K, committed 2304K, reserved 1048576K
}

