# JRE version: Java(TM) SE Runtime Environment (8.0_102-b14) (build 1.8.0_102-b14)
# Java VM: Java HotSpot(TM) 64-Bit Server VM (25.102-b14 mixed mode windows-amd64 compressed oops)
Heap:
 PSYoungGen      total 46592K, used 19859K [0x00000000d5580000, 0x00000000d9580000, 0x0000000100000000)
  eden space 38912K, 31% used [0x00000000d5580000,0x00000000d61670d8,0x00000000d7b80000)
  from space 7680K, 99% used [0x00000000d7b80000,0x00000000d82fdee0,0x00000000d8300000)
  to   space 9216K, 0% used [0x00000000d8c80000,0x00000000d8c80000,0x00000000d9580000)
 ParOldGen       total 56320K, used 9820K [0x0000000080000000, 0x0000000083700000, 0x00000000d5580000)
  object space 56320K, 17% used [0x0000000080000000,0x00000000809971d8,0x0000000083700000)
 Metaspace       used 34681K, capacity 35230K, committed 35496K, reserved 1081344K
  class space    used 4716K, capacity 4859K, committed 4864K, reserved 1048576K
GC Heap History (10 events):
Event: 10.994 GC heap before
{Heap before GC invocations=11 (full 2):
 PSYoungGen      total 32768K, used 30853K [0x00000000d5580000, 0x00000000d7e00000, 0x0000000100000000)
  eden space 28160K, 100% used [0x00000000d5580000,0x00000000d7100000,0x00000000d7100000)
  from space 4608K, 58% used [0x00000000d7980000,0x00000000d7c21700,0x00000000d7e00000)
  to   space 6656K, 0% used [0x00000000d7100000,0x00000000d7100000,0x00000000d7780000)
 ParOldGen       total 56320K, used 8072K [0x0000000080000000, 0x0000000083700000, 0x00000000d5580000)
  object space 56320K, 14% used [0x0000000080000000,0x00000000807e20d8,0x0000000083700000)
 Metaspace       used 24899K, capacity 25240K, committed 25472K, reserved 1071104K
  class space    used 3469K, capacity 3620K, committed 3712K, reserved 1048576K
Event: 10.999 GC heap after
Heap after GC invocations=11 (full 2):
 PSYoungGen      total 34816K, used 4027K [0x00000000d5580000, 0x00000000d8380000, 0x0000000100000000)
  eden space 28160K, 0% used [0x00000000d5580000,0x00000000d5580000,0x00000000d7100000)
  from space 6656K, 60% used [0x00000000d7100000,0x00000000d74eeed0,0x00000000d7780000)
  to   space 6656K, 0% used [0x00000000d7d00000,0x00000000d7d00000,0x00000000d8380000)
 ParOldGen       total 56320K, used 8080K [0x0000000080000000, 0x0000000083700000, 0x00000000d5580000)
  object space 56320K, 14% used [0x0000000080000000,0x00000000807e40d8,0x0000000083700000)
 Metaspace       used 24899K, capacity 25240K, committed 25472K, reserved 1071104K
  class space    used 3469K, capacity 3620K, committed 3712K, reserved 1048576K
}
Event: 11.960 GC heap before
{Heap before GC invocations=12 (full 2):
 PSYoungGen      total 34816K, used 32187K [0x00000000d5580000, 0x00000000d8380000, 0x0000000100000000)
  eden space 28160K, 100% used [0x00000000d5580000,0x00000000d7100000,0x00000000d7100000)
  from space 6656K, 60% used [0x00000000d7100000,0x00000000d74eeed0,0x00000000d7780000)
  to   space 6656K, 0% used [0x00000000d7d00000,0x00000000d7d00000,0x00000000d8380000)
 ParOldGen       total 56320K, used 8080K [0x0000000080000000, 0x0000000083700000, 0x00000000d5580000)
  object space 56320K, 14% used [0x0000000080000000,0x00000000807e40d8,0x0000000083700000)
 Metaspace       used 27064K, capacity 27530K, committed 27776K, reserved 1073152K
  class space    used 3782K, capacity 3917K, committed 3968K, reserved 1048576K
Event: 11.969 GC heap after
Heap after GC invocations=12 (full 2):
 PSYoungGen      total 40448K, used 4373K [0x00000000d5580000, 0x00000000d8380000, 0x0000000100000000)
  eden space 33792K, 0% used [0x00000000d5580000,0x00000000d5580000,0x00000000d7680000)
  from space 6656K, 65% used [0x00000000d7d00000,0x00000000d8145568,0x00000000d8380000)
  to   space 6656K, 0% used [0x00000000d7680000,0x00000000d7680000,0x00000000d7d00000)
 ParOldGen       total 56320K, used 8152K [0x0000000080000000, 0x0000000083700000, 0x00000000d5580000)
  object space 56320K, 14% used [0x0000000080000000,0x00000000807f60e8,0x0000000083700000)
 Metaspace       used 27064K, capacity 27530K, committed 27776K, reserved 1073152K
  class space    used 3782K, capacity 3917K, committed 3968K, reserved 1048576K
}
Event: 18.418 GC heap before
{Heap before GC invocations=13 (full 2):
 PSYoungGen      total 40448K, used 38165K [0x00000000d5580000, 0x00000000d8380000, 0x0000000100000000)
  eden space 33792K, 100% used [0x00000000d5580000,0x00000000d7680000,0x00000000d7680000)
  from space 6656K, 65% used [0x00000000d7d00000,0x00000000d8145568,0x00000000d8380000)
  to   space 6656K, 0% used [0x00000000d7680000,0x00000000d7680000,0x00000000d7d00000)
 ParOldGen       total 56320K, used 8152K [0x0000000080000000, 0x0000000083700000, 0x00000000d5580000)
  object space 56320K, 14% used [0x0000000080000000,0x00000000807f60e8,0x0000000083700000)
 Metaspace       used 28536K, capacity 29054K, committed 29440K, reserved 1075200K
  class space    used 3930K, capacity 4065K, committed 4096K, reserved 1048576K
Event: 18.432 GC heap after
Heap after GC invocations=13 (full 2):
 PSYoungGen      total 40448K, used 4967K [0x00000000d5580000, 0x00000000d8980000, 0x0000000100000000)
  eden space 33792K, 0% used [0x00000000d5580000,0x00000000d5580000,0x00000000d7680000)
  from space 6656K, 74% used [0x00000000d7680000,0x00000000d7b59c60,0x00000000d7d00000)
  to   space 6656K, 0% used [0x00000000d8300000,0x00000000d8300000,0x00000000d8980000)
 ParOldGen       total 56320K, used 8160K [0x0000000080000000, 0x0000000083700000, 0x00000000d5580000)
  object space 56320K, 14% used [0x0000000080000000,0x00000000807f80e8,0x0000000083700000)
 Metaspace       used 28536K, capacity 29054K, committed 29440K, reserved 1075200K
  class space    used 3930K, capacity 4065K, committed 4096K, reserved 1048576K
}
Event: 19.335 GC heap before
{Heap before GC invocations=14 (full 2):
 PSYoungGen      total 40448K, used 38759K [0x00000000d5580000, 0x00000000d8980000, 0x0000000100000000)
  eden space 33792K, 100% used [0x00000000d5580000,0x00000000d7680000,0x00000000d7680000)
  from space 6656K, 74% used [0x00000000d7680000,0x00000000d7b59c60,0x00000000d7d00000)
  to   space 6656K, 0% used [0x00000000d8300000,0x00000000d8300000,0x00000000d8980000)
 ParOldGen       total 56320K, used 8160K [0x0000000080000000, 0x0000000083700000, 0x00000000d5580000)
  object space 56320K, 14% used [0x0000000080000000,0x00000000807f80e8,0x0000000083700000)
 Metaspace       used 31891K, capacity 32436K, committed 32768K, reserved 1079296K
  class space    used 4378K, capacity 4532K, committed 4608K, reserved 1048576K
Event: 19.346 GC heap after
Heap after GC invocations=14 (full 2):
 PSYoungGen      total 45568K, used 6642K [0x00000000d5580000, 0x00000000d8c00000, 0x0000000100000000)
  eden space 38912K, 0% used [0x00000000d5580000,0x00000000d5580000,0x00000000d7b80000)
  from space 6656K, 99% used [0x00000000d8300000,0x00000000d897cbf8,0x00000000d8980000)
  to   space 7680K, 0% used [0x00000000d7b80000,0x00000000d7b80000,0x00000000d8300000)
 ParOldGen       total 56320K, used 9141K [0x0000000080000000, 0x0000000083700000, 0x00000000d5580000)
  object space 56320K, 16% used [0x0000000080000000,0x00000000808ed758,0x0000000083700000)
 Metaspace       used 31891K, capacity 32436K, committed 32768K, reserved 1079296K
  class space    used 4378K, capacity 4532K, committed 4608K, reserved 1048576K
}
Event: 20.688 GC heap before
{Heap before GC invocations=15 (full 2):
 PSYoungGen      total 45568K, used 45554K [0x00000000d5580000, 0x00000000d8c00000, 0x0000000100000000)
  eden space 38912K, 100% used [0x00000000d5580000,0x00000000d7b80000,0x00000000d7b80000)
  from space 6656K, 99% used [0x00000000d8300000,0x00000000d897cbf8,0x00000000d8980000)
  to   space 7680K, 0% used [0x00000000d7b80000,0x00000000d7b80000,0x00000000d8300000)
 ParOldGen       total 56320K, used 9141K [0x0000000080000000, 0x0000000083700000, 0x00000000d5580000)
  object space 56320K, 16% used [0x0000000080000000,0x00000000808ed758,0x0000000083700000)
 Metaspace       used 33909K, capacity 34462K, committed 34816K, reserved 1079296K
  class space    used 4635K, capacity 4795K, committed 4864K, reserved 1048576K
Event: 20.710 GC heap after
Heap after GC invocations=15 (full 2):
 PSYoungGen      total 46592K, used 7671K [0x00000000d5580000, 0x00000000d9580000, 0x0000000100000000)
  eden space 38912K, 0% used [0x00000000d5580000,0x00000000d5580000,0x00000000d7b80000)
  from space 7680K, 99% used [0x00000000d7b80000,0x00000000d82fdee0,0x00000000d8300000)
  to   space 9216K, 0% used [0x00000000d8c80000,0x00000000d8c80000,0x00000000d9580000)
 ParOldGen       total 56320K, used 9820K [0x0000000080000000, 0x0000000083700000, 0x00000000d5580000)
  object space 56320K, 17% used [0x0000000080000000,0x00000000809971d8,0x0000000083700000)
 Metaspace       used 33909K, capacity 34462K, committed 34816K, reserved 1079296K
  class space    used 4635K, capacity 4795K, committed 4864K, reserved 1048576K
}

